0 info it worked if it ends with ok
1 verbose cli [ '/Users/victorP/.nvm/versions/node/v4.3.1/bin/node',
1 verbose cli   '/Users/victorP/.nvm/versions/node/v4.3.1/bin/npm',
1 verbose cli   'run',
1 verbose cli   'test:watch' ]
2 info using npm@3.10.2
3 info using node@v4.3.1
4 verbose run-script [ 'pretest:watch', 'test:watch', 'posttest:watch' ]
5 info lifecycle Yieldify-Bouncing-Balls@0.0.1~pretest:watch: Yieldify-Bouncing-Balls@0.0.1
6 silly lifecycle Yieldify-Bouncing-Balls@0.0.1~pretest:watch: no script for pretest:watch, continuing
7 info lifecycle Yieldify-Bouncing-Balls@0.0.1~test:watch: Yieldify-Bouncing-Balls@0.0.1
8 verbose lifecycle Yieldify-Bouncing-Balls@0.0.1~test:watch: unsafe-perm in lifecycle true
9 verbose lifecycle Yieldify-Bouncing-Balls@0.0.1~test:watch: PATH: /Users/victorP/.nvm/versions/node/v4.3.1/lib/node_modules/npm/bin/node-gyp-bin:/Users/victorP/Work/victor5114/Yieldify-Bouncing-Balls/node_modules/.bin:/Users/victorP/.nvm/versions/node/v4.3.1/bin:/Users/victorP/.nvm/versions/node/v4.3.1/bin:/usr/local/packer:/Users/victorP/Scala/bin:/usr/local/heroku/bin:/Library/Frameworks/Python.framework/Versions/3.4/bin:/usr/local/bin:/usr/bin:/bin:/usr/sbin:/sbin:/usr/local/git/bin:/Applications/Postgres.app/Contents/Versions/latest/bin:/usr/local/go/bin
10 verbose lifecycle Yieldify-Bouncing-Balls@0.0.1~test:watch: CWD: /Users/victorP/Work/victor5114/Yieldify-Bouncing-Balls
11 silly lifecycle Yieldify-Bouncing-Balls@0.0.1~test:watch: Args: [ '-c', 'npm run test -- --watch --watch-extensions js,jsx' ]
12 silly lifecycle Yieldify-Bouncing-Balls@0.0.1~test:watch: Returned: code: 1  signal: null
13 info lifecycle Yieldify-Bouncing-Balls@0.0.1~test:watch: Failed to exec test:watch script
14 verbose stack Error: Yieldify-Bouncing-Balls@0.0.1 test:watch: `npm run test -- --watch --watch-extensions js,jsx`
14 verbose stack Exit status 1
14 verbose stack     at EventEmitter.<anonymous> (/Users/victorP/.nvm/versions/node/v4.3.1/lib/node_modules/npm/lib/utils/lifecycle.js:242:16)
14 verbose stack     at emitTwo (events.js:87:13)
14 verbose stack     at EventEmitter.emit (events.js:172:7)
14 verbose stack     at ChildProcess.<anonymous> (/Users/victorP/.nvm/versions/node/v4.3.1/lib/node_modules/npm/lib/utils/spawn.js:40:14)
14 verbose stack     at emitTwo (events.js:87:13)
14 verbose stack     at ChildProcess.emit (events.js:172:7)
14 verbose stack     at maybeClose (internal/child_process.js:821:16)
14 verbose stack     at Process.ChildProcess._handle.onexit (internal/child_process.js:211:5)
15 verbose pkgid Yieldify-Bouncing-Balls@0.0.1
16 verbose cwd /Users/victorP/Work/victor5114/Yieldify-Bouncing-Balls
17 error Darwin 14.5.0
18 error argv "/Users/victorP/.nvm/versions/node/v4.3.1/bin/node" "/Users/victorP/.nvm/versions/node/v4.3.1/bin/npm" "run" "test:watch"
19 error node v4.3.1
20 error npm  v3.10.2
21 error code ELIFECYCLE
22 error Yieldify-Bouncing-Balls@0.0.1 test:watch: `npm run test -- --watch --watch-extensions js,jsx`
22 error Exit status 1
23 error Failed at the Yieldify-Bouncing-Balls@0.0.1 test:watch script 'npm run test -- --watch --watch-extensions js,jsx'.
23 error Make sure you have the latest version of node.js and npm installed.
23 error If you do, this is most likely a problem with the Yieldify-Bouncing-Balls package,
23 error not with npm itself.
23 error Tell the author that this fails on your system:
23 error     npm run test -- --watch --watch-extensions js,jsx
23 error You can get information on how to open an issue for this project with:
23 error     npm bugs Yieldify-Bouncing-Balls
23 error Or if that isn't available, you can get their info via:
23 error     npm owner ls Yieldify-Bouncing-Balls
23 error There is likely additional logging output above.
24 verbose exit [ 1, true ]
